ARM GAS  1.s 			page 1


   1              		@@单片机stm32f030f4p6
   2              		@@电子天平
   3              		@作者：yjmwxwx
   4              		@时间：2019-12-01
   5              		@编译器：ARM-NONE-EABI
   6              		 .thumb
   7              		         .syntax unified
   8              		.section .data
   9              	shumaguanmabiao:
  10 0000 FC000000 		.int 0xfc,0x60,0xda,0xf2,0x66,0xb6,0xbe,0xe0,0xfe,0xf6
  10      60000000 
  10      DA000000 
  10      F2000000 
  10      66000000 
  11              	shumaguanshuaxinbiao:
  12 0028 00FE0000 		.int 0xfe00,0xfd00,0xfb00,0xf700,0xef00,0xdf00,0xbf00,0x7f00,0
  12      00FD0000 
  12      00FB0000 
  12      00F70000 
  12      00EF0000 
  13              	zheng_xian_biao:
  14 004c 30003300 		.short 0x30,0x33,0x36,0x38,0x3b,0x3e,0x41,0x44,0x47,0x49,0x4c,0x4e,0x50,0x52,0x54,0x56,0x58,0x59,0
  14      36003800 
  14      3B003E00 
  14      41004400 
  14      47004900 
  15              	shiyan:
  16 0114 55000000 		.int 0x55,0x66,0x77,0x88,0x99,0xaa
  16      66000000 
  16      77000000 
  16      88000000 
  16      99000000 
  17              	yjmwxwx:
  18 012c 796A6D77 		.ascii  "yjmwxwx-20191201-dian_zi_tian_ping"
  18      7877782D 
  18      32303139 
  18      31323031 
  18      2D646961 
  19              		.equ STACKINIT,        	        0x20001000
  20              		.equ shumaguanma,		0x20000000
  21              		.equ fuhao,			0x20000010
  22              		.equ jishu,			0x20000030
  23              		.equ lvboqizhizhen,		0x20000040
  24              		.equ lvboqihuanchong,		0x20000044
  25              		.equ dang_qin_cha,		0X20000dcc
  26              		.equ shang_ci_cha,		0x20000dd0
  27              		.equ shang_ci_i,		0x20000dd4
  28              		.equ anjianyanshi,		0x20000dd8
  29              		.equ zhongliang,		0x20000ddc
  30              		.equ dianyabiao,		0x20000de0
  31              		.equ lvboqizhizhen1,		0x20000f00
  32              		.equ lvboqihuanchong1,		0x20000f04
  33              		.section .text
  34              	vectors:
  35 0000 00100020 		.word STACKINIT
  36 0004 B1000000 		.word _start + 1
  37 0008 9B030000 		.word _nmi_handler + 1
ARM GAS  1.s 			page 2


  38 000c 9D030000 		.word _hard_fault  + 1
  39 0010 00000000 		.word 0
  40 0014 00000000 		.word 0
  41 0018 00000000 		.word 0
  42 001c 00000000 		.word 0
  43 0020 00000000 		.word 0
  44 0024 00000000 		.word 0
  45 0028 00000000 		.word 0
  46 002c 9F030000 		.word _svc_handler +1
  47 0030 00000000 		.word 0
  48 0034 00000000 		.word 0
  49 0038 A1030000 		.word _pendsv_handler +1
  50 003c A3030000 		.word _systickzhongduan +1               @ 15
  51 0040 B1030000 		.word aaa +1     @ _wwdg +1          @ 0
  52 0044 B1030000 		.word aaa +1     @_pvd +1            @ 1
  53 0048 B1030000 		.word aaa +1     @_rtc +1            @ 2
  54 004c B1030000 		.word aaa +1     @_flash +1          @ 3
  55 0050 B1030000 		.word aaa +1	@ _rcc + 1          @ 4
  56 0054 B1030000 		.word aaa +1      @_exti0_1  +1      @ 5
  57 0058 B1030000 		.word aaa +1      @ _exti2_3 +1      @ 6
  58 005c B1030000 		.word aaa +1       @_exti4_15 +1     @ 7
  59 0060 B1030000 		.word aaa +1                         @ 8
  60 0064 B1030000 		.word aaa +1 	@_dma1_1  +1    @ 9
  61 0068 B1030000 		.word aaa +1    @_dma1_2_3 +1        @ 10
  62 006c B1030000 		.word aaa +1       @_dma1_4_5 +1     @ 11
  63 0070 B1030000 		.word aaa +1	 @_adc1 +1          @ 12
  64 0074 B1030000 		.word aaa +1       @_tim1_brk_up +1  @ 13
  65 0078 B1030000 		.word aaa +1        @ _tim1_cc +1    @ 14
  66 007c B1030000 		.word aaa +1         @_tim2 +1       @ 15
  67 0080 B1030000 		.word aaa +1          @_tim3 +1      @ 16
  68 0084 B1030000 		.word aaa +1                         @ 17
  69 0088 B1030000 		.word aaa +1		                @ 18
  70 008c B1030000 		.word aaa +1	@_tim14 +1    @ 19
  71 0090 B1030000 		.word aaa +1                         @ 20
  72 0094 B1030000 		.word aaa +1         @_tim16 +1      @ 21
  73 0098 B1030000 		.word aaa +1         @_tim17 +1      @ 22
  74 009c B1030000 		.word aaa +1          @_i2c   +1     @ 23
  75 00a0 B1030000 		.word aaa +1                         @ 24
  76 00a4 B1030000 		.word aaa +1           @_spi   +1    @ 25
  77 00a8 B1030000 		.word aaa +1                         @ 26
  78 00ac B1030000 		.word aaa +1         @_usart1 +1     @ 27
  79              		.align 2
  80              	
  81              	_start:
  82              	shizhong:
  83 00b0 C04A     		ldr r2, = 0x40022000   @FLASH访问控制
  84 00b2 3221     		movs r1, # 0x32
  85 00b4 1160     		str r1, [r2]           @FLASH缓冲 缓冲开启
  86 00b6 C048     		ldr r0, = 0x40021000 @ rcc
  87 00b8 C049     		ldr r1, = 0x10001
  88 00ba 0160     		str r1, [r0]
  89              	denghse:
  90 00bc 0168     		ldr r1, [r0]
  91 00be 8903     		lsls r1, r1, # 14
  92 00c0 FCD5     		bpl denghse
  93              	dengpllguan:
  94 00c2 0168     		ldr r1, [r0]
ARM GAS  1.s 			page 3


  95 00c4 8901     		lsls r1, r1, # 6
  96 00c6 FCD4     		bmi dengpllguan
  97 00c8 BD49     	        ldr r1, = 0x150002
  98 00ca 4160     	        str r1, [r0, # 0x04]
  99 00cc BD49     		ldr r1, = 0x1010001
 100 00ce 0160     		str r1, [r0]
 101              	dengpll:
 102 00d0 0168     		ldr r1, [r0]
 103 00d2 8901     		lsls r1, # 6
 104 00d4 FCD5     		bpl dengpll
 105              	
 106 00d6 BC49     		ldr r1, = 100
 107 00d8 0163     		str r1, [r0, # 0x30]
 108              	
 109              	_neicunqingling:
 110 00da BC48     		ldr r0, = 0x20000000
 111 00dc 0021     		movs r1, # 0
 112 00de BC4B     		ldr r3, = 0x1000
 113              	_neicunqinglingxunhuan:
 114 00e0 043B     		subs r3, # 4
 115 00e2 C150     		str r1, [r0, r3]
 116 00e4 FCD1     		bne _neicunqinglingxunhuan
 117              	
 118              	_waisheshizhong:			 @ 外设时钟
 119              		@ +0x14=RCC_AHBENR
 120              		@ 0=DMA 2=SRAM 4=FLITF 6=CRC  17=PA  18=PB 19=PC 20=PD 22=PF
 121 00e6 B448     		ldr r0, = 0x40021000
 122 00e8 BA49     		ldr r1, = 0x460005
 123 00ea 4161     		str r1, [r0, # 0x14]
 124              	
 125              		@ +0x18外设时钟使能寄存器 (RCC_APB2ENR)
 126              		@ 0=SYSCFG 5=USART6EN 9=ADC 11=TIM1 12=SPI1 14=USART1
 127              		@ 16=TIM15 17=TIM16 18=TIM17 22=DBGMCU
 128 00ec BA49     		ldr r1, = 0xa00
 129 00ee 8161     		str r1, [r0, # 0x18]
 130              		@+0X1C=RCC_APB1ENR
 131              		@ 1=TIM3 4=TIM6 5=TIM7 8=TIM14 11=WWDG 14=SPI 17=USRT2 18=USART3
 132              		@ 20=USART5 21=I2C1 22=I2C2  23=USB 28=PWR
 133 00f0 0221     		movs r1, # 0x02
 134 00f2 C161     		str r1, [r0, # 0x1c]
 135              	
 136              	
 137              	_waishezhongduan:				@外设中断
 138              		@0xE000E100    0-31  写1开，写0没效
 139              		@0XE000E180    0-31 写1关，写0没效
 140              		@0XE000E200    0-31 挂起，写0没效
 141              		@0XE000E280    0-31 清除， 写0没效
 142              	
 143              	@_systick:				@ systick定时器初始化
 144              	
 145              	@	ldr r0, = 0xe000e010
 146              	@	ldr r1, = 0xffffff
 147              	@	str r1, [r0, # 4]
 148              	@	str r1, [r0, # 8]
 149              	@	movs r1, # 0x07
 150              	@	str r1, [r0]
 151              		
ARM GAS  1.s 			page 4


 152              	io_she_zhi:
 153              		@@@@@@@@@@@@@@@@@@@@@@@@@@@@@@@@@@@@@@@@@@@@@@@@@@@@@@@@@@@@@@@@@@@@@@@@@@@@@@@@@@@@@@@@@@@@@@
 154              		@a(0x48000000)b(0x48000400)c(0x48000800)d(0x48000c00)f(0x48001400)
 155              		@ 输入（00），通用输出（01），复用功能（10），模拟（11）
 156              		@偏移0x4 = 端口输出类型 @ （0 推挽），（ 1 开漏）
 157              		@偏移0x8 = 输出速度  00低速， 01中速， 11高速
 158              		@偏移0xC = 上拉下拉 (00无上下拉，  01 上拉， 10下拉)
 159              		@偏移0x10 = 输入数据寄存器
 160              		@偏移0x14 = 输出数据寄存器
 161              		@偏移0x18 = 端口开  0-15置位
 162              		@偏移0x28 = 端口关
 163              		@0X20 = 复用低
 164              		@GPIO口0（0-3位）每个IO口占用4位
 165              		@ AF0 = 0X0000, AF1 = 0X0001, AF2 = 0X0010 AF3 = 0X0011, AF4 = 0X0100
 166              		@ AF5 = 0X0101, AF6 = 0X0111, AF7 = 0X1000
 167              		@0x24 = 复用高
 168              		@GPIO口8 （0-3位）每个IO口占用4位
 169              		@ AF0 = 0X0000, AF1 = 0X0001, AF2 = 0X0010 AF3 = 0X0011, AF4 = 0X0100
 170              		@ AF5 = 0X0101, AF6 = 0X0111, AF7 = 0X1000
 171              		@@@@@@@@@@@@@@@@@@@@@@@@@@@@@@@@@@@@@@@@@@@@@@@@@@@@@@@@@@@@@@@@@@@@@@@@@@@@@@@@@@@@@@@@@@@@@@
 172              	
 173 00f4 B948     		ldr r0, = 0x48000000
 174 00f6 BA49     		ldr r1, = 0x2800a15b
 175 00f8 0160     		str r1, [r0]
 176              	
 177 00fa BA49     		ldr r1, = 0x40400
 178 00fc C160     		str r1, [r0, # 0x0c] @pa5 pa9上拉
 179              		
 180 00fe BA49     		ldr r1, = 0x11000000
 181 0100 0162     		str r1, [r0, # 0x20]	@ pa6\pa7 TIM3
 182              	
 183 0102 BA48     		ldr r0, = 0x48000400
 184 0104 0821     		movs r1, # 0x08 @ pb1
 185 0106 0160     		str r1, [r0]
 186 0108 2021     		movs r1, # 0x20
 187 010a 0162     		str r1, [r0, # 0x20]
 188              	
 189              	_adcchushihua:
 190 010c B848     	        ldr r0, = 0x40012400  @ adc基地址
 191 010e B949     	        ldr r1, = 0x80000000
 192 0110 8160     	        str r1, [r0, # 0x08]  @ ADC 控制寄存器 (ADC_CR)  @adc校准
 193              	_dengadcjiaozhun:
 194 0112 8168     	        ldr r1, [r0, # 0x08]
 195 0114 0900     	        movs r1, r1
 196 0116 FCD4     	        bmi _dengadcjiaozhun   @ 等ADC校准
 197              	_kaiadc:
 198 0118 8168     		ldr r1, [r0, # 0x08]
 199 011a 0122     	        movs r2, # 0x01
 200 011c 1143     		orrs r1, r1, r2
 201 011e 8160     	        str r1, [r0, # 0x08]
 202              	_dengdaiadcwending:
 203 0120 0168     		ldr r1, [r0]
 204 0122 C907     		lsls r1, r1, # 31
 205 0124 FCD5     		bpl _dengdaiadcwending @ 等ADC稳定
 206              	_tongdaoxuanze:
 207 0126 B449     		ldr r1, = 0x40000000
 208 0128 0161     		str r1, [r0, # 0x10]
ARM GAS  1.s 			page 5


 209 012a B449     		ldr r1, = 1
 210 012c 8162     	        str r1, [r0, # 0x28]    @ 通道选择寄存器 (ADC_CHSELR)
 211 012e B449     	        ldr r1, = 0x803
 212 0130 C160     	        str r1, [r0, # 0x0c]    @ 配置寄存器 1 (ADC_CFGR1)
 213 0132 0021     		movs r1, # 0
 214 0134 4161     	        str r1, [r0, # 0x14]    @ ADC 采样时间寄存器 (ADC_SMPR)
 215 0136 8168     		ldr r1, [r0, # 0x08]
 216 0138 B24A     	        ldr r2, = 0x04         @ 开始转换
 217 013a 1143     	        orrs r1, r1, r2
 218 013c 8160     		str r1, [r0, # 0x08]    @ 控制寄存器 (ADC_CR)
 219              	
 220              	
 221              		
 222              	dmachushihua:
 223              	        @+0=LSR,+4=IFCR,
 224              	        @+8=CCR1,+c=CNDTR1,+10=CPAR1+14=CMAR1,
 225              	        @+1c=CCR2,+20=CNDTR2,+24=CPAR2,+28=CMAR2
 226              	        @+30=CCR3,+34=CNDTR3,+38=CPAR2,+3c=CMAR3
 227              	        @+44=CCR4,+48=CNDTR4,+4c=CPAR4,+50=CMAR4
 228              	        @+58=CCR5,+5c=CNDTR5,+60=CPAR5,+64=CMAR5
 229              	        @+6C=CCR6,+70=CNDTR6,+74=CPAR6,+78=CMAR6
 230              	        @+80=CCR7,+84=CNDTR7,+88=CPAR7,+8c=CMAR7
 231              	
 232              	        @tim1ch3DMA
 233 013e B248     	        ldr r0, = 0x40020000
 234 0140 B249     	        ldr r1, = 0x40012c3c @ 外设地址
 235 0142 0166     	        str r1, [r0, # 0x60]
 236 0144 B249     	        ldr r1, = zheng_xian_biao @ 储存器地址
 237 0146 4166     	        str r1, [r0, # 0x64]
 238 0148 9F49     	        ldr r1, = 100             @点数
 239 014a C165     	        str r1, [r0, # 0x5c]
 240 014c B149     	        ldr r1, = 0x35b1         @ 储存到外设
 241 014e 8165     	        str r1, [r0, # 0x58]
 242              		@ adc dma
 243 0150 AD48     		ldr r0, = 0x40020000
 244 0152 B149     		ldr r1, = 0x40012440
 245 0154 0161     		str r1, [r0, # 0x10]
 246 0156 B149     		ldr r1, = dianyabiao
 247 0158 4161     		str r1, [r0, # 0x14]
 248 015a 9B49     		ldr r1, =  100
 249 015c C160     		str r1, [r0, # 0x0c]
 250 015e B049     		ldr r1, = 0x5a1		@ 5a1
 251 0160 8160     		str r1, [r0, # 0x08]
 252              	
 253              		
 254              	tim1chushihua:
 255 0162 B048     	        ldr r0, = 0x40012c00 @ tim1_cr1
 256 0164 0021     	        movs r1, # 0
 257 0166 8162     	        str r1, [r0, # 0x28] @ psc
 258 0168 AF49     	        ldr r1, = 96
 259 016a C162     	        str r1, [r0, # 0x2c] @ ARR
 260              		@	movs r1, # 0x40
 261 016c 2021     		movs r1, # 0x20
 262 016e 4160     		str r1, [r0, # 0x04] @ TRGO
 263 0170 3821     		movs r1, # 0x38
 264 0172 8161     		str r1, [r0, # 0x18] @ ccmr1 cc1
 265 0174 6021     		movs r1, # 96
ARM GAS  1.s 			page 6


 266 0176 4163     		str r1, [r0, # 0x34]
 267 0178 AC49     	        ldr r1, = 0x68
 268 017a C161     	        str r1, [r0, # 0x1c] @ ccmr2  CC3
 269 017c AC49     	        ldr r1, = 0x400    @  CC3
 270 017e 0162     	        str r1, [r0, # 0x20] @ ccer
 271 0180 AC49     	        ldr r1, = 0x8000
 272 0182 4164     	        str r1, [r0, # 0x44] @ BDTR
 273 0184 AC49     	        ldr r1, = 0x800 @ CC3 DMA
 274 0186 C160     	        str r1, [r0, # 0x0c] @ DIER
 275 0188 AC49     	        ldr r1, = 0x81
 276 018a 0160     	        str r1, [r0]
 277              	
 278              	_tim3chushiha:				
 279 018c AC48     		ldr r0, = 0x40000400 @ tim3_cr1
 280 018e 0021     		movs r1, # 0
 281 0190 8162     		str r1, [r0, # 0x28] @ psc
 282 0192 AC49     		ldr r1, = 0xffff
 283 0194 C162     		str r1, [r0, # 0x2c] @ ARR
 284 0196 AC49     		ldr r1, = 0x6868
 285 0198 8161     		str r1, [r0, # 0x18] @ ccmr1
 286 019a 1121     		movs r1, # 0x11
 287 019c 0162     		str r1, [r0, # 0x20] @ ccer
 288 019e 9749     		ldr r1, = 1
 289 01a0 4163     		str r1, [r0, # 0x34]
 290 01a2 8949     		ldr  r1, = 100
 291 01a4 8163     		str r1, [r0, # 0x38]
 292 01a6 8121     		movs r1, # 0x81
 293 01a8 0160     		str r1, [r0]
 294              	_tingting:
 295              	@	ldr r0, = 0x20000530
 296              		@	ldr r2, = 0x20000590
 297 01aa 9C48     		ldr r0, = dianyabiao
 298 01ac 0200     		movs r2, r0
 299 01ae 3030     		adds r0, r0, # 0x30
 300 01b0 9032     		adds r2, r2, # 0x90
 301 01b2 0188     		ldrh r1, [r0]
 302 01b4 1388     		ldrh r3, [r2]
 303 01b6 5B1A     		subs r3, r3, r1
 304 01b8 A448     		ldr r0, = lvboqihuanchong1
 305 01ba A54A     		ldr r2, = lvboqizhizhen1
 306 01bc 1221     		movs r1, # 18
 307 01be 00F0B3F8 		bl __lvboqi32
 308 01c2 0346     		mov r3, r0
 309 01c4 C821     		movs r1, # 200
 310 01c6 1846     		mov r0, r3
 311 01c8 401A     		subs r0, r0, r1
 312 01ca 00F01DF8 		bl __pid
 313              	@	b __xian_shi_wei_zhi
 314              	__xian_shi_zhong_liang:
 315 01ce A148     		ldr r0, = zhongliang
 316 01d0 0368     		ldr r3, [r0]
 317 01d2 0AE0     		b __led_xian_shi
 318              	__xian_shi_wei_zhi:
 319 01d4 1B00     		movs r3, r3
 320 01d6 05D5     		bpl __bu_shi_fu_shu
 321 01d8 DB43     		mvns r3, r3
 322 01da 0133     		adds r3, r3, # 1
ARM GAS  1.s 			page 7


 323 01dc 9E48     		ldr r0, = fuhao
 324 01de 0021     		movs r1, # 0
 325 01e0 0160     		str r1, [r0]
 326 01e2 02E0     		b __led_xian_shi
 327              	__bu_shi_fu_shu:
 328 01e4 9C48     		ldr r0, = fuhao
 329 01e6 0221     		movs r1, # 0x02
 330 01e8 0160     		str r1, [r0]
 331              	__led_xian_shi:	
 332 01ea 9C48     		ldr r0, = lvboqihuanchong
 333 01ec 9049     		ldr r1, = 1024
 334 01ee 9C4A     		ldr r2, = lvboqizhizhen
 335 01f0 00F086F8 		bl _lvboqi
 336 01f4 0009     		lsrs r0, r0, # 4
 337 01f6 0521     		movs r1, # 5
 338 01f8 744A     	        ldr r2, = shumaguanma
 339 01fa FF23     		movs r3, # 0xff		@小数点位置
 340 01fc 00F034F8 	        bl _zhuanshumaguanma
 341 0200 0620     		movs r0, # 6
 342 0202 00F048F8 	        bl _xieshumaguan
 343 0206 D0E7     		b _tingting
 344              	
 345              	__pid:
 346              		@ 入口r0=e(t)当前差多少
 347 0208 FCB5     		push {r2-r7,lr}
 348 020a 0446     		mov r4, r0
 349 020c 0546     		mov r5, r0
 350              	__bi_li:
 351 020e 954A     		ldr r2, = 45000		@ KP
 352 0210 5043     		muls r0, r0, r2
 353 0212 C013     		asrs r0, r0, # 15
 354              	__ji_fen:
 355 0214 944F     		ldr r7, = shang_ci_i
 356 0216 6C4A     		ldr r2, = 100		@ KI
 357 0218 3B68     		ldr r3, [r7]
 358 021a 5443     		muls r4, r4, r2
 359 021c E413     		asrs r4, r4, # 15
 360 021e E418     		adds r4, r4, r3
 361 0220 3C60     		str r4, [r7]
 362              	__wei_fen:
 363 0222 924F     		ldr r7, = shang_ci_cha
 364 0224 924A     		ldr r2, = 700000		@ KD	
 365 0226 3B68     		ldr r3, [r7]
 366 0228 3D60     		str r5, [r7]
 367 022a ED1A     		subs r5, r5, r3
 368 022c 5543     		muls r5, r5, r2
 369 022e ED13     		asrs r5, r5, # 15
 370              	__pid_shu_chu:
 371 0230 0019     		adds r0, r0, r4
 372 0232 4019     		adds r0, r0, r5
 373 0234 00F001F8 		bl __dian_ci_tie
 374 0238 FCBD     		pop {r2-r7,pc}
 375              		
 376              		
 377              	__dian_ci_tie:
 378              		@ 入口 R0=输入值
 379 023a 0EB5     		push {r1-r3,lr}
ARM GAS  1.s 			page 8


 380 023c 8049     		ldr r1, = 0x40000400
 381 023e 814B     		ldr r3, = 0xffff
 382 0240 0000     		movs r0, r0
 383 0242 0AD5     		bpl __dian_ci_tie_shang
 384              	__dian_ci_tie_xia:
 385 0244 C043     		mvns r0, r0
 386 0246 0130     		adds r0, r0, # 1
 387 0248 9842     		cmp r0, r3
 388 024a 00D9     		bls __xia_shu_chu
 389 024c 1846     		mov r0, r3
 390              	__xia_shu_chu:	
 391 024e 0022     		movs r2, # 0
 392 0250 804B     		ldr r3, = zhongliang
 393 0252 4A63     		str r2, [r1, # 0x34]
 394 0254 8863     		str r0, [r1, # 0x38]
 395 0256 1860     		str r0, [r3]
 396 0258 0EBD     		pop {r1-r3,pc}
 397              	__dian_ci_tie_shang:
 398 025a 9842     		cmp r0, r3
 399 025c 00D9     		bls __shang_shu_chu
 400 025e 1846     		mov r0, r3
 401              	__shang_shu_chu:	
 402 0260 0022     		movs r2, # 0
 403 0262 8A63     		str r2, [r1, # 0x38]
 404 0264 4863     		str r0, [r1, # 0x34]
 405 0266 0EBD     		pop {r1-r3,pc}
 406              	
 407              	_zhuanshumaguanma:@ 16进制转数码管码
 408              		@ R0要转的数据， R1长度，R2结果表首地址
 409              		@ r3 小数点位置
 410 0268 F0B5     		push {r4-r7,lr}
 411 026a 824F     		ldr r7, = shumaguanmabiao
 412 026c 0546     		mov r5, r0
 413 026e 0E46     		mov r6, r1
 414 0270 0A21     		movs r1, # 10
 415 0272 9846     		mov r8, r3
 416              	_xunhuanqiuma:
 417 0274 00F07EF8 		bl _chufa
 418 0278 0446     		mov r4, r0
 419 027a 4C43     		muls r4, r1
 420 027c 2B1B     		subs r3, r5, r4
 421 027e 9B00     		lsls r3, # 2
 422 0280 FC58     		ldr r4, [r7, r3]
 423 0282 4645     		cmp r6, r8
 424 0284 00D0     		beq __tian_jia_xiao_shu_dian
 425 0286 00E0     		b __bao_cun_shu_ma_guan_ma
 426              	__tian_jia_xiao_shu_dian:
 427 0288 0134     		adds r4, r4, # 1
 428              	__bao_cun_shu_ma_guan_ma:	
 429 028a 1460     		str r4, [r2]
 430 028c 0546     		mov r5, r0
 431 028e 0432     		adds r2, r2, # 4
 432 0290 013E     		subs r6, # 1
 433 0292 EFD1     		bne _xunhuanqiuma
 434 0294 F0BD     		pop {r4-r7,pc}
 435              	_xieshumaguan: @ r0=位数 @数码管码
 436 0296 FEB5     		push {r1-r7,lr}
ARM GAS  1.s 			page 9


 437 0298 8000     		lsls r0, r0, # 2
 438 029a 0027     		movs r7, # 0
 439 029c 0646     		mov r6, r0
 440 029e 4B4D     		ldr r5, = shumaguanma
 441 02a0 754A     		ldr r2, = shumaguanshuaxinbiao
 442              	_shumaguanshuaxin:
 443 02a2 EB59     		ldr r3, [r5, r7]
 444 02a4 D459     		ldr r4, [r2, r7]
 445 02a6 1C43     		orrs r4, r4, r3
 446 02a8 2046     		mov r0, r4
 447 02aa 00F004F8 		bl _xie595
 448 02ae 0437     		adds  r7, r7, # 4
 449 02b0 B742     		cmp r7, r6
 450 02b2 F6D9     		bls _shumaguanshuaxin
 451 02b4 FEBD     		pop {r1-r7,pc}
 452              		
 453              	_xie595: @ R0=要写的数据
 454 02b6 FEB5     		push {r1-r7,lr}
 455 02b8 0546     		mov r5, r0
 456 02ba 0820     		movs r0, # 0x08      @pa6
 457 02bc 1027     		movs r7, # 0x10      @pa7
 458 02be 0426     		movs r6, # 0x04      @pa5 
 459 02c0 1023     		movs r3, # 16   @16位
 460 02c2 464A     		ldr r2, = 0x48000000 @ gpioa
 461 02c4 0121     		movs r1, # 0x01
 462              	_xunhuan595:
 463 02c6 9761     		str r7, [r2, # 0x18]
 464 02c8 00F014F8 		bl _yanshi
 465 02cc 0D42     		tst r5, r1
 466 02ce 01D1     		bne _xie595_0
 467 02d0 9062     		str r0, [r2, # 0x28]
 468 02d2 00E0     		b _suocun595
 469              	_xie595_0:
 470 02d4 9061     		str r0, [r2, # 0x18]
 471              	_suocun595:
 472 02d6 00F00DF8 		bl _yanshi
 473 02da 6D08     		lsrs r5, # 1
 474 02dc 9762     		str r7, [r2, # 0x28]
 475 02de 00F009F8 		bl _yanshi
 476 02e2 013B     		subs r3, r3, # 1
 477 02e4 EFD1     		bne _xunhuan595
 478 02e6 9661     		str r6, [r2, # 0x18]
 479 02e8 00F004F8 		bl _yanshi
 480 02ec 9662     		str r6, [r2, # 0x28]
 481 02ee 00F001F8 		bl _yanshi
 482 02f2 FEBD     		pop {r1-r7,pc}
 483              	
 484              	
 485              	_yanshi:
 486 02f4 80B4     		push {r7}
 487 02f6 614F     		ldr r7, = 30
 488              	_yanshi11:
 489 02f8 013F     		subs r7, # 1
 490 02fa FDD1     		bne _yanshi11
 491 02fc 80BC     		pop {r7}
 492 02fe 7047     		bx lr
 493              	_lvboqi:				@滤波器
ARM GAS  1.s 			page 10


 494              				@R0=地址，R1=长度,r2=表指针地址,r3=ADC数值
 495              				@出R0=结果
 496 0300 FEB5     		push {r1-r7,lr}	
 497 0302 1568     		ldr r5, [r2]		@读出表指针
 498 0304 4E00     		lsls r6, r1, # 1	
 499 0306 4353     		strh r3, [r0, r5]	@数值写到滤波器缓冲区
 500 0308 0235     		adds r5, r5, # 2
 501 030a B542     		cmp r5, r6
 502 030c 00D1     		bne _lvboqimeidaohuanchongquding
 503 030e 0025     		movs r5, # 0
 504              	_lvboqimeidaohuanchongquding:
 505 0310 1560     		str r5, [r2]
 506 0312 0027     		movs r7, # 0
 507              	_lvboqixunhuan:
 508 0314 B542     		cmp r5, r6
 509 0316 00D1     		bne _lvbozonghe
 510 0318 0025     		movs r5, # 0
 511              	_lvbozonghe:
 512 031a 445B     		ldrh r4, [r0, r5]
 513 031c 0235     		adds r5, r5, # 2
 514 031e 3F19     		adds r7, r7, r4
 515 0320 0139     		subs r1, r1, # 1
 516 0322 F7D1     		bne _lvboqixunhuan
 517 0324 B812     		asrs r0, r7, # 10	@修改
 518 0326 FEBD     		pop {r1-r7,pc}
 519              	
 520              	__lvboqi32:                                @滤波器
 521              	                        @R0=地址，R1=长度,r2=表指针地址,r3=ADC数值
 522              		                @出R0=结果
 523 0328 F0B5     	        push {r4-r7,lr}
 524 032a 1568     	        ldr r5, [r2]            @读出表指针
 525 032c 8E00     		lsls r6, r1, # 2
 526 032e 4351     	        str r3, [r0, r5]       @数值写到滤波器缓冲区
 527 0330 0435     	        adds r5, r5, # 4
 528 0332 B542     		cmp r5, r6
 529 0334 00D1     		bne _lvboqimeidaohuanchongquding32
 530 0336 0025     	        movs r5, # 0
 531              	_lvboqimeidaohuanchongquding32:
 532 0338 1560     		str r5, [r2]
 533 033a 0022     		movs r2, # 0
 534 033c 0346     		mov r3, r0
 535 033e 5030     		adds r0, r0, # 0x50
 536              	__fu_zhi_lv_bo_shu_ju:
 537 0340 9C58     		ldr r4, [r3, r2]
 538 0342 8450     		str r4, [r0, r2]
 539 0344 0432     		adds r2, r2, # 4
 540 0346 482A     		cmp r2, # 0x48
 541 0348 FAD1     		bne __fu_zhi_lv_bo_shu_ju
 542              	__qu_diao_zui_da_zui_xiao:	
 543 034a 0022     		movs r2, # 0
 544 034c 1346     		mov r3, r2
 545              	__qu_diao_da:
 546 034e 8158     		ldr r1, [r0, r2]
 547 0350 9942     		cmp r1, r3
 548 0352 01D3     		bcc __di_zhi_jia
 549 0354 8350     		str r3, [r0, r2]
 550 0356 0B46     		mov r3, r1
ARM GAS  1.s 			page 11


 551              	__di_zhi_jia:	
 552 0358 0432     		adds r2, r2, # 4
 553 035a 402A     		cmp r2, # 0x40
 554 035c F7D9     		bls __qu_diao_da
 555 035e 0022     		movs r2, # 0
 556 0360 1446     		mov r4, r2
 557 0362 0830     		adds r0, r0, # 0x08
 558              	__xun_huan_jia:	
 559 0364 8358     		ldr r3, [r0, r2]
 560 0366 E418     		adds r4, r4, r3
 561 0368 0432     		adds r2, r2, # 4
 562 036a 402A     		cmp r2, # 0x40
 563 036c FAD9     		bls __xun_huan_jia
 564 036e 2046     		mov r0, r4
 565 0370 0011     		asrs r0, r0, # 4
 566 0372 F0BD     		pop {r4-r7,pc}
 567              	
 568              	
 569              	_chufa:				@软件除法
 570              		@ r0 除以 r1 等于 商(r0)余数R1
 571 0374 1EB5     		push {r1-r4,lr}
 572 0376 0028     		cmp r0, # 0
 573 0378 0ED0     		beq _chufafanhui
 574 037a 0029     		cmp r1, # 0
 575 037c 0CD0     		beq _chufafanhui
 576 037e 0246     		mov r2, r0
 577 0380 0123     		movs r3, # 1
 578 0382 DB07     		lsls r3, r3, # 31
 579 0384 0020     		movs r0, # 0
 580 0386 0446     		mov r4, r0
 581              	_chufaxunhuan:
 582 0388 5200     		lsls r2, r2, # 1
 583 038a 6441     		adcs r4, r4, r4
 584 038c 8C42     		cmp r4, r1
 585 038e 01D3     		bcc _chufaweishubudao0
 586 0390 C018     		adds r0, r0, r3
 587 0392 641A     		subs r4, r4, r1
 588              	_chufaweishubudao0:
 589 0394 5B08     		lsrs r3, r3, # 1
 590 0396 F7D1     		bne _chufaxunhuan
 591              	_chufafanhui:
 592 0398 1EBD     		pop {r1-r4,pc}
 593              	_nmi_handler:
 594 039a 7047     		bx lr
 595              	_hard_fault:
 596 039c 7047     		bx lr
 597              	_svc_handler:
 598 039e 7047     		bx lr
 599              	_pendsv_handler:
 600 03a0 7047     		bx lr
 601              	_systickzhongduan:
 602 03a2 374A     		ldr r2, = jishu
 603 03a4 3748     		ldr r0, = 0xe0000d04
 604 03a6 1368     		ldr r3, [r2]
 605 03a8 3749     		ldr r1, = 0x02000000
 606 03aa 0133     		adds r3, r3, # 1
 607 03ac 1360     		str r3, [r2]
ARM GAS  1.s 			page 12


 608 03ae 0160     		str r1, [r0]                 @ 清除SYSTICK中断
 609              	aaa:
 610 03b0 70470000 		bx lr
 610      00200240 
 610      00100240 
 610      01000100 
 610      02001500 
ARM GAS  1.s 			page 13


DEFINED SYMBOLS
                 1.s:9      .data:0000000000000000 shumaguanmabiao
                 1.s:11     .data:0000000000000028 shumaguanshuaxinbiao
                 1.s:13     .data:000000000000004c zheng_xian_biao
                 1.s:15     .data:0000000000000114 shiyan
                 1.s:17     .data:000000000000012c yjmwxwx
                 1.s:19     *ABS*:0000000020001000 STACKINIT
                 1.s:20     *ABS*:0000000020000000 shumaguanma
                 1.s:21     *ABS*:0000000020000010 fuhao
                 1.s:22     *ABS*:0000000020000030 jishu
                 1.s:23     *ABS*:0000000020000040 lvboqizhizhen
                 1.s:24     *ABS*:0000000020000044 lvboqihuanchong
                 1.s:25     *ABS*:0000000020000dcc dang_qin_cha
                 1.s:26     *ABS*:0000000020000dd0 shang_ci_cha
                 1.s:27     *ABS*:0000000020000dd4 shang_ci_i
                 1.s:28     *ABS*:0000000020000dd8 anjianyanshi
                 1.s:29     *ABS*:0000000020000ddc zhongliang
                 1.s:30     *ABS*:0000000020000de0 dianyabiao
                 1.s:31     *ABS*:0000000020000f00 lvboqizhizhen1
                 1.s:32     *ABS*:0000000020000f04 lvboqihuanchong1
                 1.s:34     .text:0000000000000000 vectors
                 1.s:81     .text:00000000000000b0 _start
                 1.s:593    .text:000000000000039a _nmi_handler
                 1.s:595    .text:000000000000039c _hard_fault
                 1.s:597    .text:000000000000039e _svc_handler
                 1.s:599    .text:00000000000003a0 _pendsv_handler
                 1.s:601    .text:00000000000003a2 _systickzhongduan
                 1.s:609    .text:00000000000003b0 aaa
                            .text:0000000000000000 $d
                 1.s:79     .text:00000000000000b0 $t
                 1.s:82     .text:00000000000000b0 shizhong
                 1.s:89     .text:00000000000000bc denghse
                 1.s:93     .text:00000000000000c2 dengpllguan
                 1.s:101    .text:00000000000000d0 dengpll
                 1.s:109    .text:00000000000000da _neicunqingling
                 1.s:113    .text:00000000000000e0 _neicunqinglingxunhuan
                 1.s:118    .text:00000000000000e6 _waisheshizhong
                 1.s:137    .text:00000000000000f4 _waishezhongduan
                 1.s:152    .text:00000000000000f4 io_she_zhi
                 1.s:189    .text:000000000000010c _adcchushihua
                 1.s:193    .text:0000000000000112 _dengadcjiaozhun
                 1.s:197    .text:0000000000000118 _kaiadc
                 1.s:202    .text:0000000000000120 _dengdaiadcwending
                 1.s:206    .text:0000000000000126 _tongdaoxuanze
                 1.s:222    .text:000000000000013e dmachushihua
                 1.s:254    .text:0000000000000162 tim1chushihua
                 1.s:278    .text:000000000000018c _tim3chushiha
                 1.s:294    .text:00000000000001aa _tingting
                 1.s:520    .text:0000000000000328 __lvboqi32
                 1.s:345    .text:0000000000000208 __pid
                 1.s:314    .text:00000000000001ce __xian_shi_zhong_liang
                 1.s:331    .text:00000000000001ea __led_xian_shi
                 1.s:318    .text:00000000000001d4 __xian_shi_wei_zhi
                 1.s:327    .text:00000000000001e4 __bu_shi_fu_shu
                 1.s:493    .text:0000000000000300 _lvboqi
                 1.s:407    .text:0000000000000268 _zhuanshumaguanma
                 1.s:435    .text:0000000000000296 _xieshumaguan
ARM GAS  1.s 			page 14


                 1.s:350    .text:000000000000020e __bi_li
                 1.s:354    .text:0000000000000214 __ji_fen
                 1.s:362    .text:0000000000000222 __wei_fen
                 1.s:370    .text:0000000000000230 __pid_shu_chu
                 1.s:377    .text:000000000000023a __dian_ci_tie
                 1.s:397    .text:000000000000025a __dian_ci_tie_shang
                 1.s:384    .text:0000000000000244 __dian_ci_tie_xia
                 1.s:390    .text:000000000000024e __xia_shu_chu
                 1.s:401    .text:0000000000000260 __shang_shu_chu
                 1.s:416    .text:0000000000000274 _xunhuanqiuma
                 1.s:569    .text:0000000000000374 _chufa
                 1.s:426    .text:0000000000000288 __tian_jia_xiao_shu_dian
                 1.s:428    .text:000000000000028a __bao_cun_shu_ma_guan_ma
                 1.s:442    .text:00000000000002a2 _shumaguanshuaxin
                 1.s:453    .text:00000000000002b6 _xie595
                 1.s:462    .text:00000000000002c6 _xunhuan595
                 1.s:485    .text:00000000000002f4 _yanshi
                 1.s:469    .text:00000000000002d4 _xie595_0
                 1.s:471    .text:00000000000002d6 _suocun595
                 1.s:488    .text:00000000000002f8 _yanshi11
                 1.s:504    .text:0000000000000310 _lvboqimeidaohuanchongquding
                 1.s:507    .text:0000000000000314 _lvboqixunhuan
                 1.s:511    .text:000000000000031a _lvbozonghe
                 1.s:531    .text:0000000000000338 _lvboqimeidaohuanchongquding32
                 1.s:536    .text:0000000000000340 __fu_zhi_lv_bo_shu_ju
                 1.s:542    .text:000000000000034a __qu_diao_zui_da_zui_xiao
                 1.s:545    .text:000000000000034e __qu_diao_da
                 1.s:551    .text:0000000000000358 __di_zhi_jia
                 1.s:558    .text:0000000000000364 __xun_huan_jia
                 1.s:591    .text:0000000000000398 _chufafanhui
                 1.s:581    .text:0000000000000388 _chufaxunhuan
                 1.s:588    .text:0000000000000394 _chufaweishubudao0
                 1.s:610    .text:00000000000003b2 $d
                 1.s:610    .text:00000000000003b4 $d

NO UNDEFINED SYMBOLS
